{
  "stats": {
    "suites": 15,
    "tests": 93,
    "passes": 91,
    "pending": 0,
    "failures": 2,
    "testsRegistered": 93,
    "passPercent": 97.84946236559139,
    "pendingPercent": 0,
    "other": 0,
    "hasOther": false,
    "skipped": 0,
    "hasSkipped": false,
    "start": "2025-11-17T22:58:27.051Z",
    "end": "2025-11-17T23:05:04.540Z",
    "duration": 397489
  },
  "results": [
    {
      "uuid": "0ddb2e65-532d-4d74-9cb9-f5fa2f5ca654",
      "title": "",
      "fullFile": "cypress\\e2e\\mainPage\\checkFooterBtns.test.js",
      "file": "cypress\\e2e\\mainPage\\checkFooterBtns.test.js",
      "beforeHooks": [],
      "afterHooks": [],
      "tests": [],
      "suites": [
        {
          "uuid": "5e14385f-423c-4344-aae0-8906ad9962a2",
          "title": "Footer buttons",
          "fullFile": "",
          "file": "",
          "beforeHooks": [],
          "afterHooks": [],
          "tests": [
            {
              "title": "Footer buttons are visible and have links",
              "fullTitle": "Footer buttons Footer buttons are visible and have links",
              "timedOut": null,
              "duration": 1075,
              "state": "passed",
              "speed": "fast",
              "pass": true,
              "fail": false,
              "pending": false,
              "context": null,
              "code": "const socialLinks = [{\n  name: 'facebook',\n  url: 'https://www.facebook.com/Hillel.IT.School'\n}, {\n  name: 'telegram',\n  url: 'https://t.me/ithillel_kyiv'\n}, {\n  name: 'instagram',\n  url: 'https://www.instagram.com/hillel_itschool/'\n}, {\n  name: 'youtube',\n  url: 'https://www.youtube.com/user/HillelITSchool'\n}, {\n  name: 'linkedin',\n  url: 'https://www.linkedin.com/school/ithillel/'\n}];\nsocialLinks.forEach(item => {\n  cy.get('.socials_link').filter(`a[href*=\"${item.url}\"]`).should('exist').and('be.visible');\n});",
              "err": {},
              "uuid": "e0623ca8-93dd-46d7-8ab4-929fd22b82d1",
              "parentUUID": "5e14385f-423c-4344-aae0-8906ad9962a2",
              "isHook": false,
              "skipped": false
            },
            {
              "title": "ItHillel site is present and visible",
              "fullTitle": "Footer buttons ItHillel site is present and visible",
              "timedOut": null,
              "duration": 460,
              "state": "passed",
              "speed": "fast",
              "pass": true,
              "fail": false,
              "pending": false,
              "context": null,
              "code": "cy.get('.display-4').filter(`a[href*=\"https://ithillel.ua\"]`).should('exist').and('be.visible');",
              "err": {},
              "uuid": "6f3195fe-0c2e-41ba-badd-ed4e9490831a",
              "parentUUID": "5e14385f-423c-4344-aae0-8906ad9962a2",
              "isHook": false,
              "skipped": false
            },
            {
              "title": "Support email is present and visible",
              "fullTitle": "Footer buttons Support email is present and visible",
              "timedOut": null,
              "duration": 647,
              "state": "passed",
              "speed": "fast",
              "pass": true,
              "fail": false,
              "pending": false,
              "context": null,
              "code": "cy.get('a[href*=\"mailto:developer@ithillel.ua\"]').should('exist').and('be.visible');",
              "err": {},
              "uuid": "a36eb84a-89f5-4b48-b1bf-017c62d9f8e4",
              "parentUUID": "5e14385f-423c-4344-aae0-8906ad9962a2",
              "isHook": false,
              "skipped": false
            }
          ],
          "suites": [],
          "passes": [
            "e0623ca8-93dd-46d7-8ab4-929fd22b82d1",
            "6f3195fe-0c2e-41ba-badd-ed4e9490831a",
            "a36eb84a-89f5-4b48-b1bf-017c62d9f8e4"
          ],
          "failures": [],
          "pending": [],
          "skipped": [],
          "duration": 2182,
          "root": false,
          "rootEmpty": false,
          "_timeout": 2000
        }
      ],
      "passes": [],
      "failures": [],
      "pending": [],
      "skipped": [],
      "duration": 0,
      "root": true,
      "rootEmpty": true,
      "_timeout": 2000
    },
    {
      "uuid": "d7c21857-60f5-4b41-bc91-8019950dd2c1",
      "title": "",
      "fullFile": "cypress\\e2e\\mainPage\\checkHeaderBtns.test.js",
      "file": "cypress\\e2e\\mainPage\\checkHeaderBtns.test.js",
      "beforeHooks": [],
      "afterHooks": [],
      "tests": [],
      "suites": [
        {
          "uuid": "4a5e8c00-d865-4ba1-b989-0e263d32db08",
          "title": "Header buttons",
          "fullFile": "",
          "file": "",
          "beforeHooks": [],
          "afterHooks": [],
          "tests": [
            {
              "title": "Header buttons are visible and have links",
              "fullTitle": "Header buttons Header buttons are visible and have links",
              "timedOut": null,
              "duration": 1410,
              "state": "passed",
              "speed": "fast",
              "pass": true,
              "fail": false,
              "pending": false,
              "context": null,
              "code": "const expectedGoTOs = [\"Home\", \"About\", \"Contacts\"];\ncy.get(`nav .header-link`).each($link => {\n  cy.wrap(expectedGoTOs).should('contain', $link.text());\n});",
              "err": {},
              "uuid": "148ad73e-fae7-4f85-bbb0-4f88a6e537e7",
              "parentUUID": "4a5e8c00-d865-4ba1-b989-0e263d32db08",
              "isHook": false,
              "skipped": false
            },
            {
              "title": "Header log in buttons are visible and have links",
              "fullTitle": "Header buttons Header log in buttons are visible and have links",
              "timedOut": null,
              "duration": 490,
              "state": "passed",
              "speed": "fast",
              "pass": true,
              "fail": false,
              "pending": false,
              "context": null,
              "code": "cy.contains(\"Guest log in\");\ncy.contains(\"Sign In\");",
              "err": {},
              "uuid": "259dc46d-4238-4ba1-a6a0-0f42ef236cce",
              "parentUUID": "4a5e8c00-d865-4ba1-b989-0e263d32db08",
              "isHook": false,
              "skipped": false
            }
          ],
          "suites": [],
          "passes": [
            "148ad73e-fae7-4f85-bbb0-4f88a6e537e7",
            "259dc46d-4238-4ba1-a6a0-0f42ef236cce"
          ],
          "failures": [],
          "pending": [],
          "skipped": [],
          "duration": 1900,
          "root": false,
          "rootEmpty": false,
          "_timeout": 2000
        }
      ],
      "passes": [],
      "failures": [],
      "pending": [],
      "skipped": [],
      "duration": 0,
      "root": true,
      "rootEmpty": true,
      "_timeout": 2000
    },
    {
      "uuid": "a7c34268-1c54-4674-9f22-4f1448b61509",
      "title": "",
      "fullFile": "cypress\\e2e\\homeWork21\\createCarWithFuelExpenses.test.js",
      "file": "cypress\\e2e\\homeWork21\\createCarWithFuelExpenses.test.js",
      "beforeHooks": [],
      "afterHooks": [],
      "tests": [],
      "suites": [
        {
          "uuid": "f93e85f0-e5a2-4453-84e6-b0e8cf3fa20a",
          "title": "Add car with Fuel Expenses",
          "fullFile": "",
          "file": "",
          "beforeHooks": [],
          "afterHooks": [],
          "tests": [
            {
              "title": "Check that mileage is requiered",
              "fullTitle": "Add car with Fuel Expenses Check that mileage is requiered",
              "timedOut": null,
              "duration": 3004,
              "state": "passed",
              "speed": "fast",
              "pass": true,
              "fail": false,
              "pending": false,
              "context": null,
              "code": "cy.get(\".btn-primary\").filter(':contains(\"Add car\")').click();\ncy.get(\"#addCarMileage\").clear().blur();\ncy.contains('Mileage cost required').should('be.visible');\ncy.get('#addCarMileage').should('have.css', 'border-color', 'rgb(220, 53, 69)');\ncy.get('.btn-primary').should('be.disabled');\ncy.get('.close').click();",
              "err": {},
              "uuid": "4984b759-d919-4849-91aa-a5dd38b1547a",
              "parentUUID": "f93e85f0-e5a2-4453-84e6-b0e8cf3fa20a",
              "isHook": false,
              "skipped": false
            },
            {
              "title": "Check creation of a car",
              "fullTitle": "Add car with Fuel Expenses Check creation of a car",
              "timedOut": null,
              "duration": 2924,
              "state": "passed",
              "speed": "fast",
              "pass": true,
              "fail": false,
              "pending": false,
              "context": null,
              "code": "cy.contains('button', 'Add car').click();\ncy.get(\"#addCarMileage\").type(\"100\");\ncy.contains('.modal-footer button.btn-primary', 'Add').should('not.be.disabled').click();\ncy.get('.alert.alert-success').should('contain.text', 'Car added');\ncy.get('.car.jumbotron').should('be.visible');\ncy.get('.car_actions .car_edit').first().click();\ncy.get('.btn-outline-danger').click();\ncy.get('.btn-danger').click();",
              "err": {},
              "uuid": "bcc49dd4-c813-407c-ab27-23083f4b2391",
              "parentUUID": "f93e85f0-e5a2-4453-84e6-b0e8cf3fa20a",
              "isHook": false,
              "skipped": false
            },
            {
              "title": "Add fuel NO liters",
              "fullTitle": "Add car with Fuel Expenses Add fuel NO liters",
              "timedOut": null,
              "duration": 5495,
              "state": "passed",
              "speed": "medium",
              "pass": true,
              "fail": false,
              "pending": false,
              "context": null,
              "code": "cy.contains('button', 'Add car').click();\ncy.get(\"#addCarMileage\").type(\"100\");\ncy.contains('.modal-footer button.btn-primary', 'Add').should('not.be.disabled').click();\ncy.contains('button', 'Add fuel expense').click();\ncy.get(\"#addExpenseLiters\").clear().blur();\ncy.contains('Liters required').should('be.visible');\ncy.get('#addExpenseLiters').should('have.css', 'border-color', 'rgb(220, 53, 69)');\ncy.contains('.modal-footer button.btn-primary', 'Add').should('be.disabled');\ncy.get('.close').click();\ncy.get('.car_actions .car_edit').first().click();\ncy.get('.btn-outline-danger').click();\ncy.get('.btn-danger').click();",
              "err": {},
              "uuid": "d06d86ba-f9fd-46f4-8f67-3db52d21a42d",
              "parentUUID": "f93e85f0-e5a2-4453-84e6-b0e8cf3fa20a",
              "isHook": false,
              "skipped": false
            },
            {
              "title": "Add fuel NO total cost",
              "fullTitle": "Add car with Fuel Expenses Add fuel NO total cost",
              "timedOut": null,
              "duration": 4064,
              "state": "passed",
              "speed": "fast",
              "pass": true,
              "fail": false,
              "pending": false,
              "context": null,
              "code": "cy.contains('button', 'Add car').click();\ncy.get(\"#addCarMileage\").type(\"100\");\ncy.contains('.modal-footer button.btn-primary', 'Add').should('not.be.disabled').click();\ncy.contains('button', 'Add fuel expense').click();\ncy.get(\"#addExpenseTotalCost\").clear().blur();\ncy.contains('Total cost required').should('be.visible');\ncy.get('#addExpenseTotalCost').should('have.css', 'border-color', 'rgb(220, 53, 69)');\ncy.contains('.modal-footer button.btn-primary', 'Add').should('be.disabled');\ncy.get('.close').click();\ncy.get('.car_actions .car_edit').first().click();\ncy.get('.btn-outline-danger').click();\ncy.get('.btn-danger').click();",
              "err": {},
              "uuid": "81557d92-48be-4df2-ac87-8ad43fae53e7",
              "parentUUID": "f93e85f0-e5a2-4453-84e6-b0e8cf3fa20a",
              "isHook": false,
              "skipped": false
            },
            {
              "title": "Add fuel expense",
              "fullTitle": "Add car with Fuel Expenses Add fuel expense",
              "timedOut": null,
              "duration": 3882,
              "state": "passed",
              "speed": "fast",
              "pass": true,
              "fail": false,
              "pending": false,
              "context": null,
              "code": "cy.contains('button', 'Add car').click();\ncy.get(\"#addCarMileage\").type(\"100\");\ncy.contains('.modal-footer button.btn-primary', 'Add').should('not.be.disabled').click();\ncy.contains('button', 'Add fuel expense').click();\ncy.get(\"#addExpenseLiters\").type('10').blur();\ncy.get(\"#addExpenseTotalCost\").type('123').blur();\ncy.get('.close').click();\ncy.get('.car_actions .car_edit').first().click();\ncy.get('.btn-outline-danger').click();\ncy.get('.btn-danger').click();",
              "err": {},
              "uuid": "ec48ae37-f85c-4a61-b03f-4b18ceb6fc2d",
              "parentUUID": "f93e85f0-e5a2-4453-84e6-b0e8cf3fa20a",
              "isHook": false,
              "skipped": false
            }
          ],
          "suites": [],
          "passes": [
            "4984b759-d919-4849-91aa-a5dd38b1547a",
            "bcc49dd4-c813-407c-ab27-23083f4b2391",
            "d06d86ba-f9fd-46f4-8f67-3db52d21a42d",
            "81557d92-48be-4df2-ac87-8ad43fae53e7",
            "ec48ae37-f85c-4a61-b03f-4b18ceb6fc2d"
          ],
          "failures": [],
          "pending": [],
          "skipped": [],
          "duration": 19369,
          "root": false,
          "rootEmpty": false,
          "_timeout": 2000
        }
      ],
      "passes": [],
      "failures": [],
      "pending": [],
      "skipped": [],
      "duration": 0,
      "root": true,
      "rootEmpty": true,
      "_timeout": 2000
    },
    {
      "uuid": "dabd1a68-8e9b-4175-85c4-c0101a299645",
      "title": "",
      "fullFile": "cypress\\e2e\\homeWork20\\registration.test.js",
      "file": "cypress\\e2e\\homeWork20\\registration.test.js",
      "beforeHooks": [],
      "afterHooks": [],
      "tests": [],
      "suites": [
        {
          "uuid": "3c811525-001b-4838-a898-f7bea4c638c4",
          "title": "Registration name field tests",
          "fullFile": "",
          "file": "",
          "beforeHooks": [],
          "afterHooks": [],
          "tests": [
            {
              "title": "Name is empty",
              "fullTitle": "Registration name field tests Name is empty",
              "timedOut": null,
              "duration": 2263,
              "state": "passed",
              "speed": "fast",
              "pass": true,
              "fail": false,
              "pending": false,
              "context": null,
              "code": "cy.get('@name').clear().blur();\ncy.contains('Name required').should('be.visible');\ncy.get('@name').should('have.css', 'border-color', 'rgb(220, 53, 69)');",
              "err": {},
              "uuid": "c0121c67-3681-4ca7-95bb-1e14930cba0a",
              "parentUUID": "3c811525-001b-4838-a898-f7bea4c638c4",
              "isHook": false,
              "skipped": false
            },
            {
              "title": "Name is invalid",
              "fullTitle": "Registration name field tests Name is invalid",
              "timedOut": null,
              "duration": 955,
              "state": "passed",
              "speed": "fast",
              "pass": true,
              "fail": false,
              "pending": false,
              "context": null,
              "code": "const invalidName = '123!@#';\ncy.get('@name').type(invalidName).blur();\ncy.contains('Name is invalid').should('be.visible');\ncy.get('@name').should('have.css', 'border-color', 'rgb(220, 53, 69)');",
              "err": {},
              "uuid": "3335a7e1-07ca-403b-aec0-d835ea54184c",
              "parentUUID": "3c811525-001b-4838-a898-f7bea4c638c4",
              "isHook": false,
              "skipped": false
            },
            {
              "title": "Name has wrong length",
              "fullTitle": "Registration name field tests Name has wrong length",
              "timedOut": null,
              "duration": 1772,
              "state": "passed",
              "speed": "fast",
              "pass": true,
              "fail": false,
              "pending": false,
              "context": null,
              "code": "const nameShort = 'A';\nconst nameLong = 'Aaaaaaaaaaaaaaaaaaron';\ncy.get('@name').clear().type(nameShort).blur();\ncy.contains('Name has to be from 2 to 20 characters long').should('be.visible');\ncy.get('@name').should('have.css', 'border-color', 'rgb(220, 53, 69)');\ncy.get('@name').clear().type(nameLong).blur();\ncy.contains('Name has to be from 2 to 20 characters long').should('be.visible');\ncy.get('@name').should('have.css', 'border-color', 'rgb(220, 53, 69)');",
              "err": {},
              "uuid": "b810be4c-3b23-4585-805e-6b45ae0e2722",
              "parentUUID": "3c811525-001b-4838-a898-f7bea4c638c4",
              "isHook": false,
              "skipped": false
            }
          ],
          "suites": [],
          "passes": [
            "c0121c67-3681-4ca7-95bb-1e14930cba0a",
            "3335a7e1-07ca-403b-aec0-d835ea54184c",
            "b810be4c-3b23-4585-805e-6b45ae0e2722"
          ],
          "failures": [],
          "pending": [],
          "skipped": [],
          "duration": 4990,
          "root": false,
          "rootEmpty": false,
          "_timeout": 2000
        },
        {
          "uuid": "4aa13016-cca7-4066-8114-64c394114d05",
          "title": "Registration Last name field tests",
          "fullFile": "",
          "file": "",
          "beforeHooks": [],
          "afterHooks": [],
          "tests": [
            {
              "title": "Last name is empty",
              "fullTitle": "Registration Last name field tests Last name is empty",
              "timedOut": null,
              "duration": 1121,
              "state": "passed",
              "speed": "fast",
              "pass": true,
              "fail": false,
              "pending": false,
              "context": null,
              "code": "cy.get('@lastName').clear().blur();\ncy.contains('Last name required').should('be.visible');\ncy.get('@lastName').should('have.css', 'border-color', 'rgb(220, 53, 69)');",
              "err": {},
              "uuid": "404c8d47-6cfe-473b-a1c3-e2495d9bb8c8",
              "parentUUID": "4aa13016-cca7-4066-8114-64c394114d05",
              "isHook": false,
              "skipped": false
            },
            {
              "title": "Last name is invalid",
              "fullTitle": "Registration Last name field tests Last name is invalid",
              "timedOut": null,
              "duration": 1203,
              "state": "passed",
              "speed": "fast",
              "pass": true,
              "fail": false,
              "pending": false,
              "context": null,
              "code": "const invalidName = '123!@#';\ncy.get('@lastName').type(invalidName).blur();\ncy.contains('Last name is invalid').should('be.visible');\ncy.get('@lastName').should('have.css', 'border-color', 'rgb(220, 53, 69)');",
              "err": {},
              "uuid": "734f94ae-8be1-4499-a210-d356eb27b7bd",
              "parentUUID": "4aa13016-cca7-4066-8114-64c394114d05",
              "isHook": false,
              "skipped": false
            },
            {
              "title": "Last name has wrong length",
              "fullTitle": "Registration Last name field tests Last name has wrong length",
              "timedOut": null,
              "duration": 10668,
              "state": "failed",
              "speed": null,
              "pass": false,
              "fail": true,
              "pending": false,
              "context": null,
              "code": "const nameShort = 'A';\nconst nameLong = 'Aaaaaaaaaaaaaaaaaaron';\ncy.get('@lastName').clear().type(nameShort).blur();\ncy.contains('Last name has to be from 2 to 20 characters long').should('be.visible');\ncy.get('@lastName').should('have.css', 'border-color', 'rgb(220, 53, 69)');\ncy.get('@lastName').clear().type(nameLong).blur();\ncy.contains('Last name has to be from 2 to 20 characters long').should('be.visible');\ncy.get('@lastName').should('have.css', 'border-color', 'rgb(220, 53, 69)');",
              "err": {
                "message": "AssertionError: Timed out retrying after 7000ms: Expected to find content: 'Last name has to be from 2 to 20 characters long' but never did.",
                "estack": "AssertionError: Timed out retrying after 7000ms: Expected to find content: 'Last name has to be from 2 to 20 characters long' but never did.\n    at Context.eval (webpack://aqa-advanced-cypress/./cypress/e2e/homeWork20/registration.test.js:81:72)",
                "diff": null
              },
              "uuid": "f134c806-b724-4db7-9980-5d50cd2d5995",
              "parentUUID": "4aa13016-cca7-4066-8114-64c394114d05",
              "isHook": false,
              "skipped": false
            }
          ],
          "suites": [],
          "passes": [
            "404c8d47-6cfe-473b-a1c3-e2495d9bb8c8",
            "734f94ae-8be1-4499-a210-d356eb27b7bd"
          ],
          "failures": [
            "f134c806-b724-4db7-9980-5d50cd2d5995"
          ],
          "pending": [],
          "skipped": [],
          "duration": 12992,
          "root": false,
          "rootEmpty": false,
          "_timeout": 2000
        },
        {
          "uuid": "8c04569c-4015-4448-a5e3-7e4126874827",
          "title": "Registration email field tests",
          "fullFile": "",
          "file": "",
          "beforeHooks": [],
          "afterHooks": [],
          "tests": [
            {
              "title": "Email is empty",
              "fullTitle": "Registration email field tests Email is empty",
              "timedOut": null,
              "duration": 4047,
              "state": "passed",
              "speed": "fast",
              "pass": true,
              "fail": false,
              "pending": false,
              "context": null,
              "code": "cy.get('@email').clear().blur();\ncy.contains('Email required').should('be.visible');\ncy.get('@email').should('have.css', 'border-color', 'rgb(220, 53, 69)');",
              "err": {},
              "uuid": "b364d630-5ef2-4a71-9b04-86f402ca73c6",
              "parentUUID": "8c04569c-4015-4448-a5e3-7e4126874827",
              "isHook": false,
              "skipped": false
            },
            {
              "title": "Email is invalid",
              "fullTitle": "Registration email field tests Email is invalid",
              "timedOut": null,
              "duration": 2936,
              "state": "passed",
              "speed": "fast",
              "pass": true,
              "fail": false,
              "pending": false,
              "context": null,
              "code": "cy.get('@email').type('wrongEmail').blur();\ncy.contains('Email is incorrect').should('be.visible');\ncy.get('@email').should('have.css', 'border-color', 'rgb(220, 53, 69)');",
              "err": {},
              "uuid": "6b867c66-bbf2-4aee-a069-721c87e15678",
              "parentUUID": "8c04569c-4015-4448-a5e3-7e4126874827",
              "isHook": false,
              "skipped": false
            },
            {
              "title": "Email is valid",
              "fullTitle": "Registration email field tests Email is valid",
              "timedOut": null,
              "duration": 1248,
              "state": "passed",
              "speed": "fast",
              "pass": true,
              "fail": false,
              "pending": false,
              "context": null,
              "code": "const validEmail = _faker.faker.internet.email();\ncy.get('@email').type(`${validEmail}`).blur();\ncy.contains('Email is incorrect').should('not.exist');\ncy.contains('Email required').should('not.exist');\ncy.get('@email').should('have.css', 'border-color').and('not.eq', 'rgb(220, 53, 69)');",
              "err": {},
              "uuid": "7341590a-4354-443c-bbf2-408e6e1a4250",
              "parentUUID": "8c04569c-4015-4448-a5e3-7e4126874827",
              "isHook": false,
              "skipped": false
            }
          ],
          "suites": [],
          "passes": [
            "b364d630-5ef2-4a71-9b04-86f402ca73c6",
            "6b867c66-bbf2-4aee-a069-721c87e15678",
            "7341590a-4354-443c-bbf2-408e6e1a4250"
          ],
          "failures": [],
          "pending": [],
          "skipped": [],
          "duration": 8231,
          "root": false,
          "rootEmpty": false,
          "_timeout": 2000
        },
        {
          "uuid": "d5ce8190-677a-4774-a0a4-4eb2fcf2992f",
          "title": "Registration Password field tests",
          "fullFile": "",
          "file": "",
          "beforeHooks": [],
          "afterHooks": [],
          "tests": [
            {
              "title": "Password is empty",
              "fullTitle": "Registration Password field tests Password is empty",
              "timedOut": null,
              "duration": 3654,
              "state": "passed",
              "speed": "fast",
              "pass": true,
              "fail": false,
              "pending": false,
              "context": null,
              "code": "cy.get('@pass').clear().blur();\ncy.contains('Password required').should('be.visible');\ncy.get('@pass').should('have.css', 'border-color', 'rgb(220, 53, 69)');",
              "err": {},
              "uuid": "e260d91b-5f7d-4ccb-b2e2-e37c031e6270",
              "parentUUID": "d5ce8190-677a-4774-a0a4-4eb2fcf2992f",
              "isHook": false,
              "skipped": false
            },
            {
              "title": "Password has less than 8 chars",
              "fullTitle": "Registration Password field tests Password has less than 8 chars",
              "timedOut": null,
              "duration": 2933,
              "state": "passed",
              "speed": "fast",
              "pass": true,
              "fail": false,
              "pending": false,
              "context": null,
              "code": "cy.get('@pass').clear().type('Aa1Dd23').blur();\ncy.contains('Password has to be from 8 to 15 characters long and contain at least one integer, one capital, and one small letter').should('be.visible');\ncy.get('@pass').should('have.css', 'border-color', 'rgb(220, 53, 69)');",
              "err": {},
              "uuid": "61673c94-829c-4c3d-94b0-5a23e2d3b56b",
              "parentUUID": "d5ce8190-677a-4774-a0a4-4eb2fcf2992f",
              "isHook": false,
              "skipped": false
            },
            {
              "title": "Password has more than 15 chars",
              "fullTitle": "Registration Password field tests Password has more than 15 chars",
              "timedOut": null,
              "duration": 2948,
              "state": "passed",
              "speed": "fast",
              "pass": true,
              "fail": false,
              "pending": false,
              "context": null,
              "code": "cy.get('@pass').clear().type('testPassPass1234').blur();\ncy.contains('Password has to be from 8 to 15 characters long and contain at least one integer, one capital, and one small letter').should('be.visible');\ncy.get('@pass').should('have.css', 'border-color', 'rgb(220, 53, 69)');",
              "err": {},
              "uuid": "d5f3e35b-05da-469a-87d0-b4d944bae69b",
              "parentUUID": "d5ce8190-677a-4774-a0a4-4eb2fcf2992f",
              "isHook": false,
              "skipped": false
            },
            {
              "title": "Password has no digits",
              "fullTitle": "Registration Password field tests Password has no digits",
              "timedOut": null,
              "duration": 8551,
              "state": "failed",
              "speed": null,
              "pass": false,
              "fail": true,
              "pending": false,
              "context": null,
              "code": "cy.get('@pass').clear().type('AsdQweZxc').blur();\ncy.contains('Password has to be from 8 to 15 characters long and contain at least one integer, one capital, and one small letter').should('be.visible');\ncy.get('@pass').should('have.css', 'border-color', 'rgb(220, 53, 69)');",
              "err": {
                "message": "AssertionError: Timed out retrying after 7000ms: Expected to find content: 'Password has to be from 8 to 15 characters long and contain at least one integer, one capital, and one small letter' but never did.",
                "estack": "AssertionError: Timed out retrying after 7000ms: Expected to find content: 'Password has to be from 8 to 15 characters long and contain at least one integer, one capital, and one small letter' but never did.\n    at Context.eval (webpack://aqa-advanced-cypress/./cypress/e2e/homeWork20/registration.test.js:163:139)",
                "diff": null
              },
              "uuid": "0f7a2444-4d3a-4d51-beae-f66869208410",
              "parentUUID": "d5ce8190-677a-4774-a0a4-4eb2fcf2992f",
              "isHook": false,
              "skipped": false
            },
            {
              "title": "Password has no capital records",
              "fullTitle": "Registration Password field tests Password has no capital records",
              "timedOut": null,
              "duration": 2982,
              "state": "passed",
              "speed": "fast",
              "pass": true,
              "fail": false,
              "pending": false,
              "context": null,
              "code": "cy.get('@pass').clear().type('qweasdzxc1').blur();\ncy.contains('Password has to be from 8 to 15 characters long and contain at least one integer, one capital, and one small letter').should('be.visible');\ncy.get('@pass').should('have.css', 'border-color', 'rgb(220, 53, 69)');",
              "err": {},
              "uuid": "904321e3-7f5f-417c-a4e2-dd01ce416156",
              "parentUUID": "d5ce8190-677a-4774-a0a4-4eb2fcf2992f",
              "isHook": false,
              "skipped": false
            },
            {
              "title": "Password has no small letters",
              "fullTitle": "Registration Password field tests Password has no small letters",
              "timedOut": null,
              "duration": 2948,
              "state": "passed",
              "speed": "fast",
              "pass": true,
              "fail": false,
              "pending": false,
              "context": null,
              "code": "cy.get('@pass').clear().type('QWEASDZXC1').blur();\ncy.contains('Password has to be from 8 to 15 characters long and contain at least one integer, one capital, and one small letter').should('be.visible');\ncy.get('@pass').should('have.css', 'border-color', 'rgb(220, 53, 69)');",
              "err": {},
              "uuid": "482b6639-936a-4272-90ef-e57fe766c5c3",
              "parentUUID": "d5ce8190-677a-4774-a0a4-4eb2fcf2992f",
              "isHook": false,
              "skipped": false
            }
          ],
          "suites": [],
          "passes": [
            "e260d91b-5f7d-4ccb-b2e2-e37c031e6270",
            "61673c94-829c-4c3d-94b0-5a23e2d3b56b",
            "d5f3e35b-05da-469a-87d0-b4d944bae69b",
            "904321e3-7f5f-417c-a4e2-dd01ce416156",
            "482b6639-936a-4272-90ef-e57fe766c5c3"
          ],
          "failures": [
            "0f7a2444-4d3a-4d51-beae-f66869208410"
          ],
          "pending": [],
          "skipped": [],
          "duration": 24016,
          "root": false,
          "rootEmpty": false,
          "_timeout": 2000
        },
        {
          "uuid": "3c6dda75-a018-40c6-8d01-044b8d8acd0c",
          "title": "Registration Repeat Password field tests",
          "fullFile": "",
          "file": "",
          "beforeHooks": [],
          "afterHooks": [],
          "tests": [
            {
              "title": "Repeat password is empty",
              "fullTitle": "Registration Repeat Password field tests Repeat password is empty",
              "timedOut": null,
              "duration": 2945,
              "state": "passed",
              "speed": "fast",
              "pass": true,
              "fail": false,
              "pending": false,
              "context": null,
              "code": "cy.get('@repeat').clear().blur();\ncy.contains('Re-enter password required').should('be.visible');\ncy.get('@repeat').should('have.css', 'border-color', 'rgb(220, 53, 69)');",
              "err": {},
              "uuid": "16c2b4ab-cdee-4f4a-ba3e-6e319dc79611",
              "parentUUID": "3c6dda75-a018-40c6-8d01-044b8d8acd0c",
              "isHook": false,
              "skipped": false
            },
            {
              "title": "Passwords do not match",
              "fullTitle": "Registration Repeat Password field tests Passwords do not match",
              "timedOut": null,
              "duration": 2935,
              "state": "passed",
              "speed": "fast",
              "pass": true,
              "fail": false,
              "pending": false,
              "context": null,
              "code": "cy.get('@pass').type(`RightPass123`, {\n  sensitive: true\n});\ncy.get('@repeat').clear().type('WrongPass123', {\n  sensitive: true\n}).blur();\ncy.contains('Passwords do not match').should('be.visible');\ncy.get('@repeat').should('have.css', 'border-color', 'rgb(220, 53, 69)');",
              "err": {},
              "uuid": "029c0d9f-16a1-4819-847d-7ca0781e9269",
              "parentUUID": "3c6dda75-a018-40c6-8d01-044b8d8acd0c",
              "isHook": false,
              "skipped": false
            },
            {
              "title": "Passwords match",
              "fullTitle": "Registration Repeat Password field tests Passwords match",
              "timedOut": null,
              "duration": 1400,
              "state": "passed",
              "speed": "fast",
              "pass": true,
              "fail": false,
              "pending": false,
              "context": null,
              "code": "const passLetters = _faker.faker.person.firstName();\nconst passNums = _faker.faker.number.int({\n  min: 100000,\n  max: 1000000\n});\ncy.get('@pass').type(`${passLetters}${passNums}`, {\n  sensitive: true\n});\ncy.get('@repeat').clear().type(`${passLetters}${passNums}`, {\n  sensitive: true\n}).blur();\ncy.contains('Re-enter password required').should('not.exist');\ncy.contains('Passwords do not match').should('not.exist');\ncy.get('@repeat').should('have.css', 'border-color').and('not.eq', 'rgb(220, 53, 69)');",
              "err": {},
              "uuid": "12a0491e-ec14-488a-92d5-124b24f60851",
              "parentUUID": "3c6dda75-a018-40c6-8d01-044b8d8acd0c",
              "isHook": false,
              "skipped": false
            }
          ],
          "suites": [],
          "passes": [
            "16c2b4ab-cdee-4f4a-ba3e-6e319dc79611",
            "029c0d9f-16a1-4819-847d-7ca0781e9269",
            "12a0491e-ec14-488a-92d5-124b24f60851"
          ],
          "failures": [],
          "pending": [],
          "skipped": [],
          "duration": 7280,
          "root": false,
          "rootEmpty": false,
          "_timeout": 2000
        },
        {
          "uuid": "bcba23b0-92a2-424f-b04f-4adc60cea248",
          "title": "Successful registration and login",
          "fullFile": "",
          "file": "",
          "beforeHooks": [],
          "afterHooks": [],
          "tests": [
            {
              "title": "Should successfully register a new user",
              "fullTitle": "Successful registration and login Should successfully register a new user",
              "timedOut": null,
              "duration": 3787,
              "state": "passed",
              "speed": "fast",
              "pass": true,
              "fail": false,
              "pending": false,
              "context": null,
              "code": "cy.visit('/');\ncy.get(\".btn-primary\").as(\"signUpBtn\");\ncy.get(\"@signUpBtn\").click();\ncy.get('#signupName').type(user.name);\ncy.get('#signupLastName').type(user.lastName);\ncy.get('#signupEmail').type(user.email);\ncy.get('#signupPassword').type(user.password, {\n  sensitive: true\n});\ncy.get('#signupRepeatPassword').type(user.repeatPassword, {\n  sensitive: true\n});\ncy.contains('button', 'Register').click();\ncy.get(\"#userNavDropdown\").click();\ncy.get(\".user-nav_menu .user-nav_link\").contains(\"Logout\").click();",
              "err": {},
              "uuid": "202cf56d-8db7-4f0a-9d48-c28f66c651a1",
              "parentUUID": "bcba23b0-92a2-424f-b04f-4adc60cea248",
              "isHook": false,
              "skipped": false
            },
            {
              "title": "Should login via custom login command",
              "fullTitle": "Successful registration and login Should login via custom login command",
              "timedOut": null,
              "duration": 2555,
              "state": "passed",
              "speed": "fast",
              "pass": true,
              "fail": false,
              "pending": false,
              "context": null,
              "code": "cy.login(user.email, user.password);\ncy.url().should('include', '/garage');\ncy.contains('h1', 'Garage').should('be.visible');",
              "err": {},
              "uuid": "6dce2c19-e31a-4494-b962-d5ba01b88479",
              "parentUUID": "bcba23b0-92a2-424f-b04f-4adc60cea248",
              "isHook": false,
              "skipped": false
            }
          ],
          "suites": [],
          "passes": [
            "202cf56d-8db7-4f0a-9d48-c28f66c651a1",
            "6dce2c19-e31a-4494-b962-d5ba01b88479"
          ],
          "failures": [],
          "pending": [],
          "skipped": [],
          "duration": 6342,
          "root": false,
          "rootEmpty": false,
          "_timeout": 2000
        }
      ],
      "passes": [],
      "failures": [],
      "pending": [],
      "skipped": [],
      "duration": 0,
      "root": true,
      "rootEmpty": true,
      "_timeout": 2000
    },
    {
      "uuid": "a01686ed-93fe-48d3-a1f3-17e61df8b296",
      "title": "",
      "fullFile": "cypress\\e2e\\homeWork20\\registration.test.js",
      "file": "cypress\\e2e\\homeWork20\\registration.test.js",
      "beforeHooks": [],
      "afterHooks": [],
      "tests": [],
      "suites": [
        {
          "uuid": "c49f61bb-d27d-4679-b80b-47b55d90b8d8",
          "title": "Registration name field tests",
          "fullFile": "",
          "file": "",
          "beforeHooks": [],
          "afterHooks": [],
          "tests": [
            {
              "title": "Name is empty",
              "fullTitle": "Registration name field tests Name is empty",
              "timedOut": null,
              "duration": 2896,
              "state": "passed",
              "speed": "fast",
              "pass": true,
              "fail": false,
              "pending": false,
              "context": null,
              "code": "cy.get('@name').clear().blur();\ncy.contains('Name required').should('be.visible');\ncy.get('@name').should('have.css', 'border-color', 'rgb(220, 53, 69)');",
              "err": {},
              "uuid": "8246c6b5-c194-4154-ad36-4181c6092563",
              "parentUUID": "c49f61bb-d27d-4679-b80b-47b55d90b8d8",
              "isHook": false,
              "skipped": false
            },
            {
              "title": "Name is invalid",
              "fullTitle": "Registration name field tests Name is invalid",
              "timedOut": null,
              "duration": 1053,
              "state": "passed",
              "speed": "fast",
              "pass": true,
              "fail": false,
              "pending": false,
              "context": null,
              "code": "const invalidName = '123!@#';\ncy.get('@name').type(invalidName).blur();\ncy.contains('Name is invalid').should('be.visible');\ncy.get('@name').should('have.css', 'border-color', 'rgb(220, 53, 69)');",
              "err": {},
              "uuid": "06640b62-a84f-4770-a416-e824b4d3eb3e",
              "parentUUID": "c49f61bb-d27d-4679-b80b-47b55d90b8d8",
              "isHook": false,
              "skipped": false
            },
            {
              "title": "Name has wrong length",
              "fullTitle": "Registration name field tests Name has wrong length",
              "timedOut": null,
              "duration": 1835,
              "state": "passed",
              "speed": "fast",
              "pass": true,
              "fail": false,
              "pending": false,
              "context": null,
              "code": "const nameShort = 'A';\nconst nameLong = 'Aaaaaaaaaaaaaaaaaaron';\ncy.get('@name').clear().type(nameShort).blur();\ncy.contains('Name has to be from 2 to 20 characters long').should('be.visible');\ncy.get('@name').should('have.css', 'border-color', 'rgb(220, 53, 69)');\ncy.get('@name').clear().type(nameLong).blur();\ncy.contains('Name has to be from 2 to 20 characters long').should('be.visible');\ncy.get('@name').should('have.css', 'border-color', 'rgb(220, 53, 69)');",
              "err": {},
              "uuid": "f105e34f-f648-4c08-ab62-480add5b8488",
              "parentUUID": "c49f61bb-d27d-4679-b80b-47b55d90b8d8",
              "isHook": false,
              "skipped": false
            }
          ],
          "suites": [],
          "passes": [
            "8246c6b5-c194-4154-ad36-4181c6092563",
            "06640b62-a84f-4770-a416-e824b4d3eb3e",
            "f105e34f-f648-4c08-ab62-480add5b8488"
          ],
          "failures": [],
          "pending": [],
          "skipped": [],
          "duration": 5784,
          "root": false,
          "rootEmpty": false,
          "_timeout": 2000
        },
        {
          "uuid": "5c2bbbe2-8ef1-4a93-9f8a-cd11c9b6acfe",
          "title": "Registration Last name field tests",
          "fullFile": "",
          "file": "",
          "beforeHooks": [],
          "afterHooks": [],
          "tests": [
            {
              "title": "Last name is empty",
              "fullTitle": "Registration Last name field tests Last name is empty",
              "timedOut": null,
              "duration": 1162,
              "state": "passed",
              "speed": "fast",
              "pass": true,
              "fail": false,
              "pending": false,
              "context": null,
              "code": "cy.get('@lastName').clear().blur();\ncy.contains('Last name required').should('be.visible');\ncy.get('@lastName').should('have.css', 'border-color', 'rgb(220, 53, 69)');",
              "err": {},
              "uuid": "eeea74b3-d3b6-4b12-abae-f5503d2ea54c",
              "parentUUID": "5c2bbbe2-8ef1-4a93-9f8a-cd11c9b6acfe",
              "isHook": false,
              "skipped": false
            },
            {
              "title": "Last name is invalid",
              "fullTitle": "Registration Last name field tests Last name is invalid",
              "timedOut": null,
              "duration": 1170,
              "state": "passed",
              "speed": "fast",
              "pass": true,
              "fail": false,
              "pending": false,
              "context": null,
              "code": "const invalidName = '123!@#';\ncy.get('@lastName').type(invalidName).blur();\ncy.contains('Last name is invalid').should('be.visible');\ncy.get('@lastName').should('have.css', 'border-color', 'rgb(220, 53, 69)');",
              "err": {},
              "uuid": "f15e50ef-e319-4a74-ab27-e424b85e7a1d",
              "parentUUID": "5c2bbbe2-8ef1-4a93-9f8a-cd11c9b6acfe",
              "isHook": false,
              "skipped": false
            },
            {
              "title": "Last name has wrong length",
              "fullTitle": "Registration Last name field tests Last name has wrong length",
              "timedOut": null,
              "duration": 1831,
              "state": "passed",
              "speed": "fast",
              "pass": true,
              "fail": false,
              "pending": false,
              "context": null,
              "code": "const nameShort = 'A';\nconst nameLong = 'Aaaaaaaaaaaaaaaaaaron';\ncy.get('@lastName').clear().type(nameShort).blur();\ncy.contains('Last name has to be from 2 to 20 characters long').should('be.visible');\ncy.get('@lastName').should('have.css', 'border-color', 'rgb(220, 53, 69)');\ncy.get('@lastName').clear().type(nameLong).blur();\ncy.contains('Last name has to be from 2 to 20 characters long').should('be.visible');\ncy.get('@lastName').should('have.css', 'border-color', 'rgb(220, 53, 69)');",
              "err": {},
              "uuid": "6798061a-9fcd-4387-9dce-46e84d1ef24e",
              "parentUUID": "5c2bbbe2-8ef1-4a93-9f8a-cd11c9b6acfe",
              "isHook": false,
              "skipped": false
            }
          ],
          "suites": [],
          "passes": [
            "eeea74b3-d3b6-4b12-abae-f5503d2ea54c",
            "f15e50ef-e319-4a74-ab27-e424b85e7a1d",
            "6798061a-9fcd-4387-9dce-46e84d1ef24e"
          ],
          "failures": [],
          "pending": [],
          "skipped": [],
          "duration": 4163,
          "root": false,
          "rootEmpty": false,
          "_timeout": 2000
        },
        {
          "uuid": "86f11c61-8b07-4548-9ebb-b9e36a7f0fd6",
          "title": "Registration email field tests",
          "fullFile": "",
          "file": "",
          "beforeHooks": [],
          "afterHooks": [],
          "tests": [
            {
              "title": "Email is empty",
              "fullTitle": "Registration email field tests Email is empty",
              "timedOut": null,
              "duration": 1171,
              "state": "passed",
              "speed": "fast",
              "pass": true,
              "fail": false,
              "pending": false,
              "context": null,
              "code": "cy.get('@email').clear().blur();\ncy.contains('Email required').should('be.visible');\ncy.get('@email').should('have.css', 'border-color', 'rgb(220, 53, 69)');",
              "err": {},
              "uuid": "390e0b1d-78cd-4de6-b518-2242fa5b4ab4",
              "parentUUID": "86f11c61-8b07-4548-9ebb-b9e36a7f0fd6",
              "isHook": false,
              "skipped": false
            },
            {
              "title": "Email is invalid",
              "fullTitle": "Registration email field tests Email is invalid",
              "timedOut": null,
              "duration": 1166,
              "state": "passed",
              "speed": "fast",
              "pass": true,
              "fail": false,
              "pending": false,
              "context": null,
              "code": "cy.get('@email').type('wrongEmail').blur();\ncy.contains('Email is incorrect').should('be.visible');\ncy.get('@email').should('have.css', 'border-color', 'rgb(220, 53, 69)');",
              "err": {},
              "uuid": "658535f3-619f-47a1-ba90-f1cfb148f8de",
              "parentUUID": "86f11c61-8b07-4548-9ebb-b9e36a7f0fd6",
              "isHook": false,
              "skipped": false
            },
            {
              "title": "Email is valid",
              "fullTitle": "Registration email field tests Email is valid",
              "timedOut": null,
              "duration": 1491,
              "state": "passed",
              "speed": "fast",
              "pass": true,
              "fail": false,
              "pending": false,
              "context": null,
              "code": "const validEmail = _faker.faker.internet.email();\ncy.get('@email').type(`${validEmail}`).blur();\ncy.contains('Email is incorrect').should('not.exist');\ncy.contains('Email required').should('not.exist');\ncy.get('@email').should('have.css', 'border-color').and('not.eq', 'rgb(220, 53, 69)');",
              "err": {},
              "uuid": "2e46b057-604a-4315-9ed7-1d1df95590ca",
              "parentUUID": "86f11c61-8b07-4548-9ebb-b9e36a7f0fd6",
              "isHook": false,
              "skipped": false
            }
          ],
          "suites": [],
          "passes": [
            "390e0b1d-78cd-4de6-b518-2242fa5b4ab4",
            "658535f3-619f-47a1-ba90-f1cfb148f8de",
            "2e46b057-604a-4315-9ed7-1d1df95590ca"
          ],
          "failures": [],
          "pending": [],
          "skipped": [],
          "duration": 3828,
          "root": false,
          "rootEmpty": false,
          "_timeout": 2000
        },
        {
          "uuid": "2bca8695-fac0-40c1-a40b-18080028f351",
          "title": "Registration Password field tests",
          "fullFile": "",
          "file": "",
          "beforeHooks": [],
          "afterHooks": [],
          "tests": [
            {
              "title": "Password is empty",
              "fullTitle": "Registration Password field tests Password is empty",
              "timedOut": null,
              "duration": 1255,
              "state": "passed",
              "speed": "fast",
              "pass": true,
              "fail": false,
              "pending": false,
              "context": null,
              "code": "cy.get('@pass').clear().blur();\ncy.contains('Password required').should('be.visible');\ncy.get('@pass').should('have.css', 'border-color', 'rgb(220, 53, 69)');",
              "err": {},
              "uuid": "83422397-1cb6-4922-af18-f9914f358db7",
              "parentUUID": "2bca8695-fac0-40c1-a40b-18080028f351",
              "isHook": false,
              "skipped": false
            },
            {
              "title": "Password has less than 8 chars",
              "fullTitle": "Registration Password field tests Password has less than 8 chars",
              "timedOut": null,
              "duration": 1267,
              "state": "passed",
              "speed": "fast",
              "pass": true,
              "fail": false,
              "pending": false,
              "context": null,
              "code": "cy.get('@pass').clear().type('Aa1Dd23').blur();\ncy.contains('Password has to be from 8 to 15 characters long and contain at least one integer, one capital, and one small letter').should('be.visible');\ncy.get('@pass').should('have.css', 'border-color', 'rgb(220, 53, 69)');",
              "err": {},
              "uuid": "8327af83-360f-4613-a6a5-d8b6e12a55b1",
              "parentUUID": "2bca8695-fac0-40c1-a40b-18080028f351",
              "isHook": false,
              "skipped": false
            },
            {
              "title": "Password has more than 15 chars",
              "fullTitle": "Registration Password field tests Password has more than 15 chars",
              "timedOut": null,
              "duration": 1512,
              "state": "passed",
              "speed": "fast",
              "pass": true,
              "fail": false,
              "pending": false,
              "context": null,
              "code": "cy.get('@pass').clear().type('testPassPass1234').blur();\ncy.contains('Password has to be from 8 to 15 characters long and contain at least one integer, one capital, and one small letter').should('be.visible');\ncy.get('@pass').should('have.css', 'border-color', 'rgb(220, 53, 69)');",
              "err": {},
              "uuid": "2fad9439-4096-4e2b-b8d0-c6c5f63c2c14",
              "parentUUID": "2bca8695-fac0-40c1-a40b-18080028f351",
              "isHook": false,
              "skipped": false
            },
            {
              "title": "Password has no digits",
              "fullTitle": "Registration Password field tests Password has no digits",
              "timedOut": null,
              "duration": 1387,
              "state": "passed",
              "speed": "fast",
              "pass": true,
              "fail": false,
              "pending": false,
              "context": null,
              "code": "cy.get('@pass').clear().type('AsdQweZxc').blur();\ncy.contains('Password has to be from 8 to 15 characters long and contain at least one integer, one capital, and one small letter').should('be.visible');\ncy.get('@pass').should('have.css', 'border-color', 'rgb(220, 53, 69)');",
              "err": {},
              "uuid": "134b0360-db83-45be-8741-f8662f9ec09d",
              "parentUUID": "2bca8695-fac0-40c1-a40b-18080028f351",
              "isHook": false,
              "skipped": false
            },
            {
              "title": "Password has no capital records",
              "fullTitle": "Registration Password field tests Password has no capital records",
              "timedOut": null,
              "duration": 1357,
              "state": "passed",
              "speed": "fast",
              "pass": true,
              "fail": false,
              "pending": false,
              "context": null,
              "code": "cy.get('@pass').clear().type('qweasdzxc1').blur();\ncy.contains('Password has to be from 8 to 15 characters long and contain at least one integer, one capital, and one small letter').should('be.visible');\ncy.get('@pass').should('have.css', 'border-color', 'rgb(220, 53, 69)');",
              "err": {},
              "uuid": "ab8b0511-58d4-45db-a5e4-a43ad6c0177a",
              "parentUUID": "2bca8695-fac0-40c1-a40b-18080028f351",
              "isHook": false,
              "skipped": false
            },
            {
              "title": "Password has no small letters",
              "fullTitle": "Registration Password field tests Password has no small letters",
              "timedOut": null,
              "duration": 1445,
              "state": "passed",
              "speed": "fast",
              "pass": true,
              "fail": false,
              "pending": false,
              "context": null,
              "code": "cy.get('@pass').clear().type('QWEASDZXC1').blur();\ncy.contains('Password has to be from 8 to 15 characters long and contain at least one integer, one capital, and one small letter').should('be.visible');\ncy.get('@pass').should('have.css', 'border-color', 'rgb(220, 53, 69)');",
              "err": {},
              "uuid": "50958998-fc82-4cf4-bed1-7ec90c3ccf58",
              "parentUUID": "2bca8695-fac0-40c1-a40b-18080028f351",
              "isHook": false,
              "skipped": false
            }
          ],
          "suites": [],
          "passes": [
            "83422397-1cb6-4922-af18-f9914f358db7",
            "8327af83-360f-4613-a6a5-d8b6e12a55b1",
            "2fad9439-4096-4e2b-b8d0-c6c5f63c2c14",
            "134b0360-db83-45be-8741-f8662f9ec09d",
            "ab8b0511-58d4-45db-a5e4-a43ad6c0177a",
            "50958998-fc82-4cf4-bed1-7ec90c3ccf58"
          ],
          "failures": [],
          "pending": [],
          "skipped": [],
          "duration": 8223,
          "root": false,
          "rootEmpty": false,
          "_timeout": 2000
        },
        {
          "uuid": "b98844a4-4bc6-48ea-aa5e-d9608c689c69",
          "title": "Registration Repeat Password field tests",
          "fullFile": "",
          "file": "",
          "beforeHooks": [],
          "afterHooks": [],
          "tests": [
            {
              "title": "Repeat password is empty",
              "fullTitle": "Registration Repeat Password field tests Repeat password is empty",
              "timedOut": null,
              "duration": 1232,
              "state": "passed",
              "speed": "fast",
              "pass": true,
              "fail": false,
              "pending": false,
              "context": null,
              "code": "cy.get('@repeat').clear().blur();\ncy.contains('Re-enter password required').should('be.visible');\ncy.get('@repeat').should('have.css', 'border-color', 'rgb(220, 53, 69)');",
              "err": {},
              "uuid": "6162bf05-e807-448b-b276-f6935eec8210",
              "parentUUID": "b98844a4-4bc6-48ea-aa5e-d9608c689c69",
              "isHook": false,
              "skipped": false
            },
            {
              "title": "Passwords do not match",
              "fullTitle": "Registration Repeat Password field tests Passwords do not match",
              "timedOut": null,
              "duration": 1782,
              "state": "passed",
              "speed": "fast",
              "pass": true,
              "fail": false,
              "pending": false,
              "context": null,
              "code": "cy.get('@pass').type(`RightPass123`, {\n  sensitive: true\n});\ncy.get('@repeat').clear().type('WrongPass123', {\n  sensitive: true\n}).blur();\ncy.contains('Passwords do not match').should('be.visible');\ncy.get('@repeat').should('have.css', 'border-color', 'rgb(220, 53, 69)');",
              "err": {},
              "uuid": "66e8e506-d6f9-48e1-ba3b-1d5198e7aded",
              "parentUUID": "b98844a4-4bc6-48ea-aa5e-d9608c689c69",
              "isHook": false,
              "skipped": false
            },
            {
              "title": "Passwords match",
              "fullTitle": "Registration Repeat Password field tests Passwords match",
              "timedOut": null,
              "duration": 1534,
              "state": "passed",
              "speed": "fast",
              "pass": true,
              "fail": false,
              "pending": false,
              "context": null,
              "code": "const passLetters = _faker.faker.person.firstName();\nconst passNums = _faker.faker.number.int({\n  min: 100000,\n  max: 1000000\n});\ncy.get('@pass').type(`${passLetters}${passNums}`, {\n  sensitive: true\n});\ncy.get('@repeat').clear().type(`${passLetters}${passNums}`, {\n  sensitive: true\n}).blur();\ncy.contains('Re-enter password required').should('not.exist');\ncy.contains('Passwords do not match').should('not.exist');\ncy.get('@repeat').should('have.css', 'border-color').and('not.eq', 'rgb(220, 53, 69)');",
              "err": {},
              "uuid": "8bbac099-4b1a-4212-805b-d848bd4c195f",
              "parentUUID": "b98844a4-4bc6-48ea-aa5e-d9608c689c69",
              "isHook": false,
              "skipped": false
            }
          ],
          "suites": [],
          "passes": [
            "6162bf05-e807-448b-b276-f6935eec8210",
            "66e8e506-d6f9-48e1-ba3b-1d5198e7aded",
            "8bbac099-4b1a-4212-805b-d848bd4c195f"
          ],
          "failures": [],
          "pending": [],
          "skipped": [],
          "duration": 4548,
          "root": false,
          "rootEmpty": false,
          "_timeout": 2000
        },
        {
          "uuid": "4d49afae-aeb8-443d-9c87-135113838520",
          "title": "Successful registration and login",
          "fullFile": "",
          "file": "",
          "beforeHooks": [],
          "afterHooks": [],
          "tests": [
            {
              "title": "Should successfully register a new user",
              "fullTitle": "Successful registration and login Should successfully register a new user",
              "timedOut": null,
              "duration": 3529,
              "state": "passed",
              "speed": "fast",
              "pass": true,
              "fail": false,
              "pending": false,
              "context": null,
              "code": "cy.visit('/');\ncy.get(\".btn-primary\").as(\"signUpBtn\");\ncy.get(\"@signUpBtn\").click();\ncy.get('#signupName').type(user.name);\ncy.get('#signupLastName').type(user.lastName);\ncy.get('#signupEmail').type(user.email);\ncy.get('#signupPassword').type(user.password, {\n  sensitive: true\n});\ncy.get('#signupRepeatPassword').type(user.repeatPassword, {\n  sensitive: true\n});\ncy.contains('button', 'Register').click();\ncy.get(\"#userNavDropdown\").click();\ncy.get(\".user-nav_menu .user-nav_link\").contains(\"Logout\").click();",
              "err": {},
              "uuid": "2676d2bc-ecc3-4066-9f95-a349ef627af6",
              "parentUUID": "4d49afae-aeb8-443d-9c87-135113838520",
              "isHook": false,
              "skipped": false
            },
            {
              "title": "Should login via custom login command",
              "fullTitle": "Successful registration and login Should login via custom login command",
              "timedOut": null,
              "duration": 2408,
              "state": "passed",
              "speed": "fast",
              "pass": true,
              "fail": false,
              "pending": false,
              "context": null,
              "code": "cy.login(user.email, user.password);\ncy.url().should('include', '/garage');\ncy.contains('h1', 'Garage').should('be.visible');",
              "err": {},
              "uuid": "0707136b-9585-4628-b7be-f2226789fe4c",
              "parentUUID": "4d49afae-aeb8-443d-9c87-135113838520",
              "isHook": false,
              "skipped": false
            }
          ],
          "suites": [],
          "passes": [
            "2676d2bc-ecc3-4066-9f95-a349ef627af6",
            "0707136b-9585-4628-b7be-f2226789fe4c"
          ],
          "failures": [],
          "pending": [],
          "skipped": [],
          "duration": 5937,
          "root": false,
          "rootEmpty": false,
          "_timeout": 2000
        }
      ],
      "passes": [],
      "failures": [],
      "pending": [],
      "skipped": [],
      "duration": 0,
      "root": true,
      "rootEmpty": true,
      "_timeout": 2000
    },
    {
      "uuid": "e5c11c7b-82e0-47fe-a0ff-1c926d7ec1f6",
      "title": "",
      "fullFile": "cypress\\e2e\\auth\\login.test.js",
      "file": "cypress\\e2e\\auth\\login.test.js",
      "beforeHooks": [],
      "afterHooks": [],
      "tests": [],
      "suites": [
        {
          "uuid": "5c0ca1db-8887-45ea-a669-f89128e5bd3f",
          "title": "Login",
          "fullFile": "",
          "file": "",
          "beforeHooks": [],
          "afterHooks": [],
          "tests": [
            {
              "title": "should log in successfully with valid credentials",
              "fullTitle": "Login should log in successfully with valid credentials",
              "timedOut": null,
              "duration": 5736,
              "state": "passed",
              "speed": "medium",
              "pass": true,
              "fail": false,
              "pending": false,
              "context": null,
              "code": "cy.get(\".header_signin\").click();\ncy.get('.modal-content').within(() => {\n  cy.get(\"#signinEmail\").type(userData.email);\n  cy.get(\"#signinPassword\").type(userData.password);\n  cy.get(\".btn-primary\").click();\n  cy.location().its(\"pathname\").should(\"eq\", \"/panel/garage\");\n});\ncy.get(\".btn-primary\").filter(':contains(\"Add car\")').should(\"be.visible\");",
              "err": {},
              "uuid": "65b55aaf-31e0-4ad5-9744-946e0aa5da31",
              "parentUUID": "5c0ca1db-8887-45ea-a669-f89128e5bd3f",
              "isHook": false,
              "skipped": false
            }
          ],
          "suites": [],
          "passes": [
            "65b55aaf-31e0-4ad5-9744-946e0aa5da31"
          ],
          "failures": [],
          "pending": [],
          "skipped": [],
          "duration": 5736,
          "root": false,
          "rootEmpty": false,
          "_timeout": 2000
        }
      ],
      "passes": [],
      "failures": [],
      "pending": [],
      "skipped": [],
      "duration": 0,
      "root": true,
      "rootEmpty": true,
      "_timeout": 2000
    },
    {
      "uuid": "9ec77427-065f-4521-9621-493554c64e3f",
      "title": "",
      "fullFile": "cypress\\e2e\\mainPage\\checkFooterBtns.test.js",
      "file": "cypress\\e2e\\mainPage\\checkFooterBtns.test.js",
      "beforeHooks": [],
      "afterHooks": [],
      "tests": [],
      "suites": [
        {
          "uuid": "1f435b56-2c5e-4e2a-8f2d-27d62eb2a594",
          "title": "Footer buttons",
          "fullFile": "",
          "file": "",
          "beforeHooks": [],
          "afterHooks": [],
          "tests": [
            {
              "title": "Footer buttons are visible and have links",
              "fullTitle": "Footer buttons Footer buttons are visible and have links",
              "timedOut": null,
              "duration": 1247,
              "state": "passed",
              "speed": "fast",
              "pass": true,
              "fail": false,
              "pending": false,
              "context": null,
              "code": "const socialLinks = [{\n  name: 'facebook',\n  url: 'https://www.facebook.com/Hillel.IT.School'\n}, {\n  name: 'telegram',\n  url: 'https://t.me/ithillel_kyiv'\n}, {\n  name: 'instagram',\n  url: 'https://www.instagram.com/hillel_itschool/'\n}, {\n  name: 'youtube',\n  url: 'https://www.youtube.com/user/HillelITSchool'\n}, {\n  name: 'linkedin',\n  url: 'https://www.linkedin.com/school/ithillel/'\n}];\nsocialLinks.forEach(item => {\n  cy.get('.socials_link').filter(`a[href*=\"${item.url}\"]`).should('exist').and('be.visible');\n});",
              "err": {},
              "uuid": "4fe354e7-6c93-47a9-9aac-a6481546ba2a",
              "parentUUID": "1f435b56-2c5e-4e2a-8f2d-27d62eb2a594",
              "isHook": false,
              "skipped": false
            },
            {
              "title": "ItHillel site is present and visible",
              "fullTitle": "Footer buttons ItHillel site is present and visible",
              "timedOut": null,
              "duration": 441,
              "state": "passed",
              "speed": "fast",
              "pass": true,
              "fail": false,
              "pending": false,
              "context": null,
              "code": "cy.get('.display-4').filter(`a[href*=\"https://ithillel.ua\"]`).should('exist').and('be.visible');",
              "err": {},
              "uuid": "be3f0aa9-8b8c-471b-bff2-afbb1cab1ab0",
              "parentUUID": "1f435b56-2c5e-4e2a-8f2d-27d62eb2a594",
              "isHook": false,
              "skipped": false
            },
            {
              "title": "Support email is present and visible",
              "fullTitle": "Footer buttons Support email is present and visible",
              "timedOut": null,
              "duration": 592,
              "state": "passed",
              "speed": "fast",
              "pass": true,
              "fail": false,
              "pending": false,
              "context": null,
              "code": "cy.get('a[href*=\"mailto:developer@ithillel.ua\"]').should('exist').and('be.visible');",
              "err": {},
              "uuid": "e308b047-2c03-4d8e-ad0d-8a3fa85395e9",
              "parentUUID": "1f435b56-2c5e-4e2a-8f2d-27d62eb2a594",
              "isHook": false,
              "skipped": false
            }
          ],
          "suites": [],
          "passes": [
            "4fe354e7-6c93-47a9-9aac-a6481546ba2a",
            "be3f0aa9-8b8c-471b-bff2-afbb1cab1ab0",
            "e308b047-2c03-4d8e-ad0d-8a3fa85395e9"
          ],
          "failures": [],
          "pending": [],
          "skipped": [],
          "duration": 2280,
          "root": false,
          "rootEmpty": false,
          "_timeout": 2000
        }
      ],
      "passes": [],
      "failures": [],
      "pending": [],
      "skipped": [],
      "duration": 0,
      "root": true,
      "rootEmpty": true,
      "_timeout": 2000
    },
    {
      "uuid": "5db28862-4354-40fb-9695-722375e8043a",
      "title": "",
      "fullFile": "cypress\\e2e\\mainPage\\checkHeaderBtns.test.js",
      "file": "cypress\\e2e\\mainPage\\checkHeaderBtns.test.js",
      "beforeHooks": [],
      "afterHooks": [],
      "tests": [],
      "suites": [
        {
          "uuid": "d9115486-f0f4-4617-8845-a2805764a2ad",
          "title": "Header buttons",
          "fullFile": "",
          "file": "",
          "beforeHooks": [],
          "afterHooks": [],
          "tests": [
            {
              "title": "Header buttons are visible and have links",
              "fullTitle": "Header buttons Header buttons are visible and have links",
              "timedOut": null,
              "duration": 1136,
              "state": "passed",
              "speed": "fast",
              "pass": true,
              "fail": false,
              "pending": false,
              "context": null,
              "code": "const expectedGoTOs = [\"Home\", \"About\", \"Contacts\"];\ncy.get(`nav .header-link`).each($link => {\n  cy.wrap(expectedGoTOs).should('contain', $link.text());\n});",
              "err": {},
              "uuid": "3b555aba-2d17-49d2-8fce-339b1c9d4fc6",
              "parentUUID": "d9115486-f0f4-4617-8845-a2805764a2ad",
              "isHook": false,
              "skipped": false
            },
            {
              "title": "Header log in buttons are visible and have links",
              "fullTitle": "Header buttons Header log in buttons are visible and have links",
              "timedOut": null,
              "duration": 649,
              "state": "passed",
              "speed": "fast",
              "pass": true,
              "fail": false,
              "pending": false,
              "context": null,
              "code": "cy.contains(\"Guest log in\");\ncy.contains(\"Sign In\");",
              "err": {},
              "uuid": "0b5b590a-ea32-45e4-a3aa-196e03e3878d",
              "parentUUID": "d9115486-f0f4-4617-8845-a2805764a2ad",
              "isHook": false,
              "skipped": false
            }
          ],
          "suites": [],
          "passes": [
            "3b555aba-2d17-49d2-8fce-339b1c9d4fc6",
            "0b5b590a-ea32-45e4-a3aa-196e03e3878d"
          ],
          "failures": [],
          "pending": [],
          "skipped": [],
          "duration": 1785,
          "root": false,
          "rootEmpty": false,
          "_timeout": 2000
        }
      ],
      "passes": [],
      "failures": [],
      "pending": [],
      "skipped": [],
      "duration": 0,
      "root": true,
      "rootEmpty": true,
      "_timeout": 2000
    },
    {
      "uuid": "27840b1d-5a05-4e79-9942-ac4c2a131878",
      "title": "",
      "fullFile": "cypress\\e2e\\homeWork21\\createCarWithFuelExpenses.test.js",
      "file": "cypress\\e2e\\homeWork21\\createCarWithFuelExpenses.test.js",
      "beforeHooks": [],
      "afterHooks": [],
      "tests": [],
      "suites": [
        {
          "uuid": "de003c65-f676-459f-a6cc-3ef0c83ddcea",
          "title": "Add car with Fuel Expenses",
          "fullFile": "",
          "file": "",
          "beforeHooks": [],
          "afterHooks": [],
          "tests": [
            {
              "title": "Check that mileage is requiered",
              "fullTitle": "Add car with Fuel Expenses Check that mileage is requiered",
              "timedOut": null,
              "duration": 3120,
              "state": "passed",
              "speed": "fast",
              "pass": true,
              "fail": false,
              "pending": false,
              "context": null,
              "code": "cy.get(\".btn-primary\").filter(':contains(\"Add car\")').click();\ncy.get(\"#addCarMileage\").clear().blur();\ncy.contains('Mileage cost required').should('be.visible');\ncy.get('#addCarMileage').should('have.css', 'border-color', 'rgb(220, 53, 69)');\ncy.get('.btn-primary').should('be.disabled');\ncy.get('.close').click();",
              "err": {},
              "uuid": "40d01a0e-f8fe-4894-85d8-06aa2e085a34",
              "parentUUID": "de003c65-f676-459f-a6cc-3ef0c83ddcea",
              "isHook": false,
              "skipped": false
            },
            {
              "title": "Check creation of a car",
              "fullTitle": "Add car with Fuel Expenses Check creation of a car",
              "timedOut": null,
              "duration": 3044,
              "state": "passed",
              "speed": "fast",
              "pass": true,
              "fail": false,
              "pending": false,
              "context": null,
              "code": "cy.contains('button', 'Add car').click();\ncy.get(\"#addCarMileage\").type(\"100\");\ncy.contains('.modal-footer button.btn-primary', 'Add').should('not.be.disabled').click();\ncy.get('.alert.alert-success').should('contain.text', 'Car added');\ncy.get('.car.jumbotron').should('be.visible');\ncy.get('.car_actions .car_edit').first().click();\ncy.get('.btn-outline-danger').click();\ncy.get('.btn-danger').click();",
              "err": {},
              "uuid": "7e7ad08b-b3ec-4fec-b769-6792d63b9d66",
              "parentUUID": "de003c65-f676-459f-a6cc-3ef0c83ddcea",
              "isHook": false,
              "skipped": false
            },
            {
              "title": "Add fuel NO liters",
              "fullTitle": "Add car with Fuel Expenses Add fuel NO liters",
              "timedOut": null,
              "duration": 3938,
              "state": "passed",
              "speed": "fast",
              "pass": true,
              "fail": false,
              "pending": false,
              "context": null,
              "code": "cy.contains('button', 'Add car').click();\ncy.get(\"#addCarMileage\").type(\"100\");\ncy.contains('.modal-footer button.btn-primary', 'Add').should('not.be.disabled').click();\ncy.contains('button', 'Add fuel expense').click();\ncy.get(\"#addExpenseLiters\").clear().blur();\ncy.contains('Liters required').should('be.visible');\ncy.get('#addExpenseLiters').should('have.css', 'border-color', 'rgb(220, 53, 69)');\ncy.contains('.modal-footer button.btn-primary', 'Add').should('be.disabled');\ncy.get('.close').click();\ncy.get('.car_actions .car_edit').first().click();\ncy.get('.btn-outline-danger').click();\ncy.get('.btn-danger').click();",
              "err": {},
              "uuid": "aec9eb1a-6aea-4ecc-ad15-4436a6f9889f",
              "parentUUID": "de003c65-f676-459f-a6cc-3ef0c83ddcea",
              "isHook": false,
              "skipped": false
            },
            {
              "title": "Add fuel NO total cost",
              "fullTitle": "Add car with Fuel Expenses Add fuel NO total cost",
              "timedOut": null,
              "duration": 3702,
              "state": "passed",
              "speed": "fast",
              "pass": true,
              "fail": false,
              "pending": false,
              "context": null,
              "code": "cy.contains('button', 'Add car').click();\ncy.get(\"#addCarMileage\").type(\"100\");\ncy.contains('.modal-footer button.btn-primary', 'Add').should('not.be.disabled').click();\ncy.contains('button', 'Add fuel expense').click();\ncy.get(\"#addExpenseTotalCost\").clear().blur();\ncy.contains('Total cost required').should('be.visible');\ncy.get('#addExpenseTotalCost').should('have.css', 'border-color', 'rgb(220, 53, 69)');\ncy.contains('.modal-footer button.btn-primary', 'Add').should('be.disabled');\ncy.get('.close').click();\ncy.get('.car_actions .car_edit').first().click();\ncy.get('.btn-outline-danger').click();\ncy.get('.btn-danger').click();",
              "err": {},
              "uuid": "0cd3e488-6d80-43f7-92c3-3eb733bd7a4f",
              "parentUUID": "de003c65-f676-459f-a6cc-3ef0c83ddcea",
              "isHook": false,
              "skipped": false
            },
            {
              "title": "Add fuel expense",
              "fullTitle": "Add car with Fuel Expenses Add fuel expense",
              "timedOut": null,
              "duration": 3905,
              "state": "passed",
              "speed": "fast",
              "pass": true,
              "fail": false,
              "pending": false,
              "context": null,
              "code": "cy.contains('button', 'Add car').click();\ncy.get(\"#addCarMileage\").type(\"100\");\ncy.contains('.modal-footer button.btn-primary', 'Add').should('not.be.disabled').click();\ncy.contains('button', 'Add fuel expense').click();\ncy.get(\"#addExpenseLiters\").type('10').blur();\ncy.get(\"#addExpenseTotalCost\").type('123').blur();\ncy.get('.close').click();\ncy.get('.car_actions .car_edit').first().click();\ncy.get('.btn-outline-danger').click();\ncy.get('.btn-danger').click();",
              "err": {},
              "uuid": "d36dd98b-a5b1-46d1-9060-973c8d06fa03",
              "parentUUID": "de003c65-f676-459f-a6cc-3ef0c83ddcea",
              "isHook": false,
              "skipped": false
            }
          ],
          "suites": [],
          "passes": [
            "40d01a0e-f8fe-4894-85d8-06aa2e085a34",
            "7e7ad08b-b3ec-4fec-b769-6792d63b9d66",
            "aec9eb1a-6aea-4ecc-ad15-4436a6f9889f",
            "0cd3e488-6d80-43f7-92c3-3eb733bd7a4f",
            "d36dd98b-a5b1-46d1-9060-973c8d06fa03"
          ],
          "failures": [],
          "pending": [],
          "skipped": [],
          "duration": 17709,
          "root": false,
          "rootEmpty": false,
          "_timeout": 2000
        }
      ],
      "passes": [],
      "failures": [],
      "pending": [],
      "skipped": [],
      "duration": 0,
      "root": true,
      "rootEmpty": true,
      "_timeout": 2000
    },
    {
      "uuid": "cacd7845-9345-4dc4-bbd7-9b0f797a9d2d",
      "title": "",
      "fullFile": "cypress\\e2e\\auth\\login.test.js",
      "file": "cypress\\e2e\\auth\\login.test.js",
      "beforeHooks": [],
      "afterHooks": [],
      "tests": [],
      "suites": [
        {
          "uuid": "72da13d6-86af-4c35-871e-6c3d7fe8d42f",
          "title": "Login",
          "fullFile": "",
          "file": "",
          "beforeHooks": [],
          "afterHooks": [],
          "tests": [
            {
              "title": "should log in successfully with valid credentials",
              "fullTitle": "Login should log in successfully with valid credentials",
              "timedOut": null,
              "duration": 6325,
              "state": "passed",
              "speed": "medium",
              "pass": true,
              "fail": false,
              "pending": false,
              "context": null,
              "code": "cy.get(\".header_signin\").click();\ncy.get('.modal-content').within(() => {\n  cy.get(\"#signinEmail\").type(userData.email);\n  cy.get(\"#signinPassword\").type(userData.password);\n  cy.get(\".btn-primary\").click();\n  cy.location().its(\"pathname\").should(\"eq\", \"/panel/garage\");\n});\ncy.get(\".btn-primary\").filter(':contains(\"Add car\")').should(\"be.visible\");",
              "err": {},
              "uuid": "70768e6a-2763-469a-b639-4f45a599775e",
              "parentUUID": "72da13d6-86af-4c35-871e-6c3d7fe8d42f",
              "isHook": false,
              "skipped": false
            }
          ],
          "suites": [],
          "passes": [
            "70768e6a-2763-469a-b639-4f45a599775e"
          ],
          "failures": [],
          "pending": [],
          "skipped": [],
          "duration": 6325,
          "root": false,
          "rootEmpty": false,
          "_timeout": 2000
        }
      ],
      "passes": [],
      "failures": [],
      "pending": [],
      "skipped": [],
      "duration": 0,
      "root": true,
      "rootEmpty": true,
      "_timeout": 2000
    },
    {
      "uuid": "71bea23f-9bbd-4d46-a5e2-61db86fee3bb",
      "title": "",
      "fullFile": "cypress\\e2e\\homeWork20\\registration.test.js",
      "file": "cypress\\e2e\\homeWork20\\registration.test.js",
      "beforeHooks": [],
      "afterHooks": [],
      "tests": [],
      "suites": [
        {
          "uuid": "78eac087-2954-4991-8dad-16838e7642e4",
          "title": "Registration name field tests",
          "fullFile": "",
          "file": "",
          "beforeHooks": [],
          "afterHooks": [],
          "tests": [
            {
[...]
              "err": {},
              "uuid": "7b177391-5dc1-45e3-bd7a-d23ec320a058",
              "parentUUID": "079e35ca-58e2-44e1-aaa8-07d66df4ada3",
              "isHook": false,
              "skipped": false
            }
          ],
          "suites": [],
          "passes": [
            "0592e0d0-0482-47ac-aece-434b5c0a8ef2",
            "a4b05f92-9d2f-4d64-90c8-7616f9919708",
            "7b177391-5dc1-45e3-bd7a-d23ec320a058"
          ],
          "failures": [],
          "pending": [],
          "skipped": [],
          "duration": 4264,
          "root": false,
          "rootEmpty": false,
          "_timeout": 2000
        },
        {
          "uuid": "ad96fe7a-5ad3-4c1c-a140-bf932a2d7d91",
          "title": "Successful registration and login",
          "fullFile": "",
          "file": "",
          "beforeHooks": [],
          "afterHooks": [],
          "tests": [
            {
              "title": "Should successfully register a new user",
              "fullTitle": "Successful registration and login Should successfully register a new user",
              "timedOut": null,
              "duration": 3377,
              "state": "passed",
              "speed": "fast",
              "pass": true,
              "fail": false,
              "pending": false,
              "context": null,
              "code": "cy.visit('/');\ncy.get(\".btn-primary\").as(\"signUpBtn\");\ncy.get(\"@signUpBtn\").click();\ncy.get('#signupName').type(user.name);\ncy.get('#signupLastName').type(user.lastName);\ncy.get('#signupEmail').type(user.email);\ncy.get('#signupPassword').type(user.password, {\n  sensitive: true\n});\ncy.get('#signupRepeatPassword').type(user.repeatPassword, {\n  sensitive: true\n});\ncy.contains('button', 'Register').click();\ncy.get(\"#userNavDropdown\").click();\ncy.get(\".user-nav_menu .user-nav_link\").contains(\"Logout\").click();",
              "err": {},
              "uuid": "2bb9076c-4a21-4bdf-b2ba-68edeeba8d02",
              "parentUUID": "ad96fe7a-5ad3-4c1c-a140-bf932a2d7d91",
              "isHook": false,
              "skipped": false
            },
            {
              "title": "Should login via custom login command",
              "fullTitle": "Successful registration and login Should login via custom login command",
              "timedOut": null,
              "duration": 2221,
              "state": "passed",
              "speed": "fast",
              "pass": true,
              "fail": false,
              "pending": false,
              "context": null,
              "code": "cy.login(user.email, user.password);\ncy.url().should('include', '/garage');\ncy.contains('h1', 'Garage').should('be.visible');",
              "err": {},
              "uuid": "530c8d3b-4d5e-4e53-9727-3ad4f56301c0",
              "parentUUID": "ad96fe7a-5ad3-4c1c-a140-bf932a2d7d91",
              "isHook": false,
              "skipped": false
            }
          ],
          "suites": [],
          "passes": [
            "2bb9076c-4a21-4bdf-b2ba-68edeeba8d02",
            "530c8d3b-4d5e-4e53-9727-3ad4f56301c0"
          ],
          "failures": [],
          "pending": [],
          "skipped": [],
          "duration": 5598,
          "root": false,
          "rootEmpty": false,
          "_timeout": 2000
        }
      ],
      "passes": [],
      "failures": [],
      "pending": [],
      "skipped": [],
      "duration": 0,
      "root": true,
      "rootEmpty": true,
      "_timeout": 2000
    },
    {
      "uuid": "8b6e6261-8f67-44c8-8ff7-1ba2d523dfc6",
      "title": "",
      "fullFile": "cypress\\e2e\\homeWork21\\createCarWithFuelExpenses.test.js",
      "file": "cypress\\e2e\\homeWork21\\createCarWithFuelExpenses.test.js",
      "beforeHooks": [],
      "afterHooks": [],
      "tests": [],
      "suites": [
        {
          "uuid": "5c5fe4d0-d315-4598-a3d1-b285ef13fbc6",
          "title": "Add car with Fuel Expenses",
          "fullFile": "",
          "file": "",
          "beforeHooks": [],
          "afterHooks": [],
          "tests": [
            {
              "title": "Check that mileage is requiered",
              "fullTitle": "Add car with Fuel Expenses Check that mileage is requiered",
              "timedOut": null,
              "duration": 3321,
              "state": "passed",
              "speed": "fast",
              "pass": true,
              "fail": false,
              "pending": false,
              "context": null,
              "code": "cy.get(\".btn-primary\").filter(':contains(\"Add car\")').click();\ncy.get(\"#addCarMileage\").clear().blur();\ncy.contains('Mileage cost required').should('be.visible');\ncy.get('#addCarMileage').should('have.css', 'border-color', 'rgb(220, 53, 69)');\ncy.get('.btn-primary').should('be.disabled');\ncy.get('.close').click();",
              "err": {},
              "uuid": "44ef06fd-0fb4-414b-be12-eaa31811a6e4",
              "parentUUID": "5c5fe4d0-d315-4598-a3d1-b285ef13fbc6",
              "isHook": false,
              "skipped": false
            },
            {
              "title": "Check creation of a car",
              "fullTitle": "Add car with Fuel Expenses Check creation of a car",
              "timedOut": null,
              "duration": 2969,
              "state": "passed",
              "speed": "fast",
              "pass": true,
              "fail": false,
              "pending": false,
              "context": null,
              "code": "cy.contains('button', 'Add car').click();\ncy.get(\"#addCarMileage\").type(\"100\");\ncy.contains('.modal-footer button.btn-primary', 'Add').should('not.be.disabled').click();\ncy.get('.alert.alert-success').should('contain.text', 'Car added');\ncy.get('.car.jumbotron').should('be.visible');\ncy.get('.car_actions .car_edit').first().click();\ncy.get('.btn-outline-danger').click();\ncy.get('.btn-danger').click();",
              "err": {},
              "uuid": "4142114f-da93-4931-8469-6e75938e8958",
              "parentUUID": "5c5fe4d0-d315-4598-a3d1-b285ef13fbc6",
              "isHook": false,
              "skipped": false
            },
            {
              "title": "Add fuel NO liters",
              "fullTitle": "Add car with Fuel Expenses Add fuel NO liters",
              "timedOut": null,
              "duration": 3429,
              "state": "passed",
              "speed": "fast",
              "pass": true,
              "fail": false,
              "pending": false,
              "context": null,
              "code": "cy.contains('button', 'Add car').click();\ncy.get(\"#addCarMileage\").type(\"100\");\ncy.contains('.modal-footer button.btn-primary', 'Add').should('not.be.disabled').click();\ncy.contains('button', 'Add fuel expense').click();\ncy.get(\"#addExpenseLiters\").clear().blur();\ncy.contains('Liters required').should('be.visible');\ncy.get('#addExpenseLiters').should('have.css', 'border-color', 'rgb(220, 53, 69)');\ncy.contains('.modal-footer button.btn-primary', 'Add').should('be.disabled');\ncy.get('.close').click();\ncy.get('.car_actions .car_edit').first().click();\ncy.get('.btn-outline-danger').click();\ncy.get('.btn-danger').click();",
              "err": {},
              "uuid": "388b3ea2-006f-470c-877b-d5a2fdca318e",
              "parentUUID": "5c5fe4d0-d315-4598-a3d1-b285ef13fbc6",
              "isHook": false,
              "skipped": false
            },
            {
              "title": "Add fuel NO total cost",
              "fullTitle": "Add car with Fuel Expenses Add fuel NO total cost",
              "timedOut": null,
              "duration": 3477,
              "state": "passed",
              "speed": "fast",
              "pass": true,
              "fail": false,
              "pending": false,
              "context": null,
              "code": "cy.contains('button', 'Add car').click();\ncy.get(\"#addCarMileage\").type(\"100\");\ncy.contains('.modal-footer button.btn-primary', 'Add').should('not.be.disabled').click();\ncy.contains('button', 'Add fuel expense').click();\ncy.get(\"#addExpenseTotalCost\").clear().blur();\ncy.contains('Total cost required').should('be.visible');\ncy.get('#addExpenseTotalCost').should('have.css', 'border-color', 'rgb(220, 53, 69)');\ncy.contains('.modal-footer button.btn-primary', 'Add').should('be.disabled');\ncy.get('.close').click();\ncy.get('.car_actions .car_edit').first().click();\ncy.get('.btn-outline-danger').click();\ncy.get('.btn-danger').click();",
              "err": {},
              "uuid": "ce2b349a-e19d-43a1-8c0b-517f64535eb1",
              "parentUUID": "5c5fe4d0-d315-4598-a3d1-b285ef13fbc6",
              "isHook": false,
              "skipped": false
            },
            {
              "title": "Add fuel expense",
              "fullTitle": "Add car with Fuel Expenses Add fuel expense",
              "timedOut": null,
              "duration": 4183,
              "state": "passed",
              "speed": "fast",
              "pass": true,
              "fail": false,
              "pending": false,
              "context": null,
              "code": "cy.contains('button', 'Add car').click();\ncy.get(\"#addCarMileage\").type(\"100\");\ncy.contains('.modal-footer button.btn-primary', 'Add').should('not.be.disabled').click();\ncy.contains('button', 'Add fuel expense').click();\ncy.get(\"#addExpenseLiters\").type('10').blur();\ncy.get(\"#addExpenseTotalCost\").type('123').blur();\ncy.get('.close').click();\ncy.get('.car_actions .car_edit').first().click();\ncy.get('.btn-outline-danger').click();\ncy.get('.btn-danger').click();",
              "err": {},
              "uuid": "89fbdcea-2874-47ae-aea1-0062ea11dabd",
              "parentUUID": "5c5fe4d0-d315-4598-a3d1-b285ef13fbc6",
              "isHook": false,
              "skipped": false
            }
          ],
          "suites": [],
          "passes": [
            "44ef06fd-0fb4-414b-be12-eaa31811a6e4",
            "4142114f-da93-4931-8469-6e75938e8958",
            "388b3ea2-006f-470c-877b-d5a2fdca318e",
            "ce2b349a-e19d-43a1-8c0b-517f64535eb1",
            "89fbdcea-2874-47ae-aea1-0062ea11dabd"
          ],
          "failures": [],
          "pending": [],
          "skipped": [],
          "duration": 17379,
          "root": false,
          "rootEmpty": false,
          "_timeout": 2000
        }
      ],
      "passes": [],
      "failures": [],
      "pending": [],
      "skipped": [],
      "duration": 0,
      "root": true,
      "rootEmpty": true,
      "_timeout": 2000
    },
    {
      "uuid": "25b86fed-8a41-4628-9864-a75c869b2668",
      "title": "",
      "fullFile": "cypress\\e2e\\mainPage\\checkFooterBtns.test.js",
      "file": "cypress\\e2e\\mainPage\\checkFooterBtns.test.js",
      "beforeHooks": [],
      "afterHooks": [],
      "tests": [],
      "suites": [
        {
          "uuid": "55c8627e-81ab-43fd-8b2c-f9b59785ee78",
          "title": "Footer buttons",
          "fullFile": "",
          "file": "",
          "beforeHooks": [],
          "afterHooks": [],
          "tests": [
            {
              "title": "Footer buttons are visible and have links",
              "fullTitle": "Footer buttons Footer buttons are visible and have links",
              "timedOut": null,
              "duration": 1477,
              "state": "passed",
              "speed": "fast",
              "pass": true,
              "fail": false,
              "pending": false,
              "context": null,
              "code": "const socialLinks = [{\n  name: 'facebook',\n  url: 'https://www.facebook.com/Hillel.IT.School'\n}, {\n  name: 'telegram',\n  url: 'https://t.me/ithillel_kyiv'\n}, {\n  name: 'instagram',\n  url: 'https://www.instagram.com/hillel_itschool/'\n}, {\n  name: 'youtube',\n  url: 'https://www.youtube.com/user/HillelITSchool'\n}, {\n  name: 'linkedin',\n  url: 'https://www.linkedin.com/school/ithillel/'\n}];\nsocialLinks.forEach(item => {\n  cy.get('.socials_link').filter(`a[href*=\"${item.url}\"]`).should('exist').and('be.visible');\n});",
              "err": {},
              "uuid": "53e4af11-5150-4aff-9a88-f768b5fb10c4",
              "parentUUID": "55c8627e-81ab-43fd-8b2c-f9b59785ee78",
              "isHook": false,
              "skipped": false
            },
            {
              "title": "ItHillel site is present and visible",
              "fullTitle": "Footer buttons ItHillel site is present and visible",
              "timedOut": null,
              "duration": 536,
              "state": "passed",
              "speed": "fast",
              "pass": true,
              "fail": false,
              "pending": false,
              "context": null,
              "code": "cy.get('.display-4').filter(`a[href*=\"https://ithillel.ua\"]`).should('exist').and('be.visible');",
              "err": {},
              "uuid": "fbae230c-de1e-45aa-810c-45e12b8226f2",
              "parentUUID": "55c8627e-81ab-43fd-8b2c-f9b59785ee78",
              "isHook": false,
              "skipped": false
            },
            {
              "title": "Support email is present and visible",
              "fullTitle": "Footer buttons Support email is present and visible",
              "timedOut": null,
              "duration": 738,
              "state": "passed",
              "speed": "fast",
              "pass": true,
              "fail": false,
              "pending": false,
              "context": null,
              "code": "cy.get('a[href*=\"mailto:developer@ithillel.ua\"]').should('exist').and('be.visible');",
              "err": {},
              "uuid": "e868b96a-c492-4477-98a6-546ca8d32dda",
              "parentUUID": "55c8627e-81ab-43fd-8b2c-f9b59785ee78",
              "isHook": false,
              "skipped": false
            }
          ],
          "suites": [],
          "passes": [
            "53e4af11-5150-4aff-9a88-f768b5fb10c4",
            "fbae230c-de1e-45aa-810c-45e12b8226f2",
            "e868b96a-c492-4477-98a6-546ca8d32dda"
          ],
          "failures": [],
          "pending": [],
          "skipped": [],
          "duration": 2751,
          "root": false,
          "rootEmpty": false,
          "_timeout": 2000
        }
      ],
      "passes": [],
      "failures": [],
      "pending": [],
      "skipped": [],
      "duration": 0,
      "root": true,
      "rootEmpty": true,
      "_timeout": 2000
    },
    {
      "uuid": "bb729da6-413e-495c-bebc-f9541b9ece18",
      "title": "",
      "fullFile": "cypress\\e2e\\mainPage\\checkHeaderBtns.test.js",
      "file": "cypress\\e2e\\mainPage\\checkHeaderBtns.test.js",
      "beforeHooks": [],
      "afterHooks": [],
      "tests": [],
      "suites": [
        {
          "uuid": "d49acaa7-efd2-4188-b628-b1ae69e8c240",
          "title": "Header buttons",
          "fullFile": "",
          "file": "",
          "beforeHooks": [],
          "afterHooks": [],
          "tests": [
            {
              "title": "Header buttons are visible and have links",
              "fullTitle": "Header buttons Header buttons are visible and have links",
              "timedOut": null,
              "duration": 1426,
              "state": "passed",
              "speed": "fast",
              "pass": true,
              "fail": false,
              "pending": false,
              "context": null,
              "code": "const expectedGoTOs = [\"Home\", \"About\", \"Contacts\"];\ncy.get(`nav .header-link`).each($link => {\n  cy.wrap(expectedGoTOs).should('contain', $link.text());\n});",
              "err": {},
              "uuid": "61df5f68-44c5-40bd-92fc-8acf302f26d6",
              "parentUUID": "d49acaa7-efd2-4188-b628-b1ae69e8c240",
              "isHook": false,
              "skipped": false
            },
            {
              "title": "Header log in buttons are visible and have links",
              "fullTitle": "Header buttons Header log in buttons are visible and have links",
              "timedOut": null,
              "duration": 532,
              "state": "passed",
              "speed": "fast",
              "pass": true,
              "fail": false,
              "pending": false,
              "context": null,
              "code": "cy.contains(\"Guest log in\");\ncy.contains(\"Sign In\");",
              "err": {},
              "uuid": "d5a76801-e1ba-4bcb-85e9-61dcfcec5f88",
              "parentUUID": "d49acaa7-efd2-4188-b628-b1ae69e8c240",
              "isHook": false,
              "skipped": false
            }
          ],
          "suites": [],
          "passes": [
            "61df5f68-44c5-40bd-92fc-8acf302f26d6",
            "d5a76801-e1ba-4bcb-85e9-61dcfcec5f88"
          ],
          "failures": [],
          "pending": [],
          "skipped": [],
          "duration": 1958,
          "root": false,
          "rootEmpty": false,
          "_timeout": 2000
        }
      ],
      "passes": [],
      "failures": [],
      "pending": [],
      "skipped": [],
      "duration": 0,
      "root": true,
      "rootEmpty": true,
      "_timeout": 2000
    },
    {
      "uuid": "d29dfadd-0e60-441b-8742-c2687cdcc521",
      "title": "",
      "fullFile": "cypress\\e2e\\auth\\login.test.js",
      "file": "cypress\\e2e\\auth\\login.test.js",
      "beforeHooks": [],
      "afterHooks": [],
      "tests": [],
      "suites": [
        {
          "uuid": "72cb0e0c-a6fd-4e27-8aa1-cf41ad78c93f",
          "title": "Login",
          "fullFile": "",
          "file": "",
          "beforeHooks": [],
          "afterHooks": [],
          "tests": [
            {
              "title": "should log in successfully with valid credentials",
              "fullTitle": "Login should log in successfully with valid credentials",
              "timedOut": null,
              "duration": 6411,
              "state": "passed",
              "speed": "medium",
              "pass": true,
              "fail": false,
              "pending": false,
              "context": null,
              "code": "cy.get(\".header_signin\").click();\ncy.get('.modal-content').within(() => {\n  cy.get(\"#signinEmail\").type(userData.email);\n  cy.get(\"#signinPassword\").type(userData.password);\n  cy.get(\".btn-primary\").click();\n  cy.location().its(\"pathname\").should(\"eq\", \"/panel/garage\");\n});\ncy.get(\".btn-primary\").filter(':contains(\"Add car\")').should(\"be.visible\");",
              "err": {},
              "uuid": "6ad19dae-47bd-4d81-a3aa-c829ceb12e89",
              "parentUUID": "72cb0e0c-a6fd-4e27-8aa1-cf41ad78c93f",
              "isHook": false,
              "skipped": false
            }
          ],
          "suites": [],
          "passes": [
            "6ad19dae-47bd-4d81-a3aa-c829ceb12e89"
          ],
          "failures": [],
          "pending": [],
          "skipped": [],
          "duration": 6411,
          "root": false,
          "rootEmpty": false,
          "_timeout": 2000
        }
      ],
      "passes": [],
      "failures": [],
      "pending": [],
      "skipped": [],
      "duration": 0,
      "root": true,
      "rootEmpty": true,
      "_timeout": 2000
    }
  ],
  "meta": {
    "mocha": {
      "version": "7.2.0"
    },
    "mochawesome": {
      "options": {
        "quiet": false,
        "reportFilename": "mochawesome",
        "saveHtml": false,
        "saveJson": true,
        "consoleReporter": "spec",
        "useInlineDiffs": false,
        "code": true
      },
      "version": "7.1.4"
    },
    "marge": {
      "options": {
        "reportDir": "cypress/results",
        "overwrite": false,
        "html": false,
        "json": true
      },
      "version": "6.3.2"
    }
  }
}